<component name="libraryTable">
  <library name="SBT: junit:junit-dep:4.10">
    <CLASSES>
      <root url="jar://D:\devs\play-2.1.0\play-2.1.0\repository\local\junit\junit-dep\4.10\jars\junit-dep.jar!/"></root>
    </CLASSES>
    <JAVADOC> </JAVADOC>
    <SOURCES> </SOURCES>
  </library>
</component>